빌드 시작: 2016-06-20 오후 2:13:57
     1>2 노드의 "C:\Users\8306-19\Documents\Visual Studio 2010\Projects\2014111624_이수민\2014111624_이수민.vcxproj" 프로젝트(build 대상)입니다.
     1>InitializeBuildStatus:
         "AlwaysCreate"이(가) 지정되었기 때문에 "Debug\2014111624_이수민.unsuccessfulbuild"을(를) 만들고 있습니다.
       ClCompile:
         모든 출력이 최신 상태입니다.
         C:\Program Files\Microsoft Visual Studio 10.0\VC\bin\CL.exe /c /ZI /nologo /W3 /WX- /Od /Oy- /D WIN32 /D _WINDOWS /D _DEBUG /D _UNICODE /D UNICODE /D _AFXDLL /Gm /EHsc /RTC1 /MDd /GS /fp:precise /Zc:wchar_t /Zc:forScope /Yu"StdAfx.h" /Fp"Debug\2014111624_이수민.pch" /Fo"Debug\\" /Fd"Debug\vc100.pdb" /Gd /TP /analyze- /errorReport:prompt "2014111624_이수민View.cpp"
         2014111624_이수민View.cpp
       ResourceCompile:
         모든 출력이 최신 상태입니다.
       ManifestResourceCompile:
         모든 출력이 최신 상태입니다.
       Link:
         C:\Program Files\Microsoft Visual Studio 10.0\VC\bin\link.exe /ERRORREPORT:PROMPT /OUT:"C:\Users\8306-19\Documents\Visual Studio 2010\Projects\2014111624_이수민\Debug\2014111624_이수민.exe" /INCREMENTAL /NOLOGO /MANIFEST /ManifestFile:"Debug\2014111624_이수민.exe.intermediate.manifest" /MANIFESTUAC:"level='asInvoker' uiAccess='false'" /DEBUG /PDB:"C:\Users\8306-19\Documents\Visual Studio 2010\Projects\2014111624_이수민\Debug\2014111624_이수민.pdb" /SUBSYSTEM:WINDOWS /TLBID:1 /ENTRY:"wWinMainCRTStartup" /DYNAMICBASE /NXCOMPAT /IMPLIB:"C:\Users\8306-19\Documents\Visual Studio 2010\Projects\2014111624_이수민\Debug\2014111624_이수민.lib" /MACHINE:X86 "Debug\2014111624_이수민.res"
         "Debug\2014111624_이수민.exe.embed.manifest.res"
         "Debug\2014111624_이수민.obj"
         "Debug\2014111624_이수민Doc.obj"
         "Debug\2014111624_이수민View.obj"
         Debug\MainFrm.obj
         Debug\stdafx.obj
       Manifest:
         C:\Program Files\Microsoft SDKs\Windows\v7.0A\bin\mt.exe /nologo /verbose /out:"Debug\2014111624_이수민.exe.embed.manifest" /manifest "Debug\2014111624_이수민.exe.intermediate.manifest" "C:\Program Files\Microsoft Visual Studio 10.0\VC\Include\Manifest\dpiaware.manifest"
         모든 출력이 최신 상태입니다.
       LinkEmbedManifest:
         모든 출력이 최신 상태입니다.
         2014111624_이수민.vcxproj -> C:\Users\8306-19\Documents\Visual Studio 2010\Projects\2014111624_이수민\Debug\2014111624_이수민.exe
       FinalizeBuildStatus:
         "Debug\2014111624_이수민.unsuccessfulbuild" 파일을 삭제하고 있습니다.
         "Debug\2014111624_이수민.lastbuildstate"에 연결(touching)하고 있습니다.
     1>"C:\Users\8306-19\Documents\Visual Studio 2010\Projects\2014111624_이수민\2014111624_이수민.vcxproj" 프로젝트를 빌드했습니다(build 대상).

빌드했습니다.

경과 시간: 00:00:00.65
